[2026-03-20T12:56:49.930Z] [INFO] 🚀 Starting CONTROLLED MODE queue processing
[2026-03-20T12:56:49.931Z] [INFO] Dry run: DISABLED
[2026-03-20T12:56:49.931Z] [INFO] Auto-publish threshold: 0.9
[2026-03-20T12:56:49.931Z] [INFO] Review queue threshold: 0.75
[2026-03-20T12:56:50.890Z] [INFO] 📋 Processing 7 pending items
[2026-03-20T12:56:50.940Z] [INFO] Processing from skift (policy: news_media)
[2026-03-20T12:56:50.943Z] [INFO] 📊 Score: 0.95 | Source: skift | Policy: news_media
[2026-03-20T12:56:50.943Z] [INFO]    Decision: review | Reason: Review-only source (news_media), score 0.95
[2026-03-20T12:56:51.025Z] [INFO]    📋 REVIEW QUEUE: Draft 2eee7259-9212-46db-8535-6a7389700d79
[2026-03-20T12:56:51.054Z] [INFO] Processing from skift (policy: news_media)
[2026-03-20T12:56:51.054Z] [INFO] 📊 Score: 0.85 | Source: skift | Policy: news_media
[2026-03-20T12:56:51.054Z] [INFO]    Decision: review | Reason: Review-only source (news_media), score 0.85
[2026-03-20T12:56:51.114Z] [INFO]    📋 REVIEW QUEUE: Draft 2ea6bfee-d6d8-4409-a07a-70483ac09b6a
[2026-03-20T12:56:51.145Z] [INFO] Processing from skift (policy: news_media)
[2026-03-20T12:56:51.146Z] [INFO] 📊 Score: 0.85 | Source: skift | Policy: news_media
[2026-03-20T12:56:51.146Z] [INFO]    Decision: review | Reason: Review-only source (news_media), score 0.85
[2026-03-20T12:56:51.208Z] [INFO]    📋 REVIEW QUEUE: Draft 307aa2f1-0ded-4151-8281-677aa9fc753f
[2026-03-20T12:56:51.239Z] [INFO] Processing from skift (policy: news_media)
[2026-03-20T12:56:51.240Z] [INFO] 📊 Score: 0.9 | Source: skift | Policy: news_media
[2026-03-20T12:56:51.240Z] [INFO]    Decision: review | Reason: Review-only source (news_media), score 0.9
[2026-03-20T12:56:51.301Z] [INFO]    📋 REVIEW QUEUE: Draft 3dad2b6e-9f05-40e9-988e-c29a7b68b44e
[2026-03-20T12:56:51.331Z] [INFO] Processing from one-mile-at-a-time (policy: aviation_blogs)
[2026-03-20T12:56:51.331Z] [INFO] 📊 Score: 0.9 | Source: one-mile-at-a-time | Policy: aviation_blogs
[2026-03-20T12:56:51.331Z] [INFO]    Decision: review | Reason: Review-only source (aviation_blogs), score 0.9
[2026-03-20T12:56:51.391Z] [INFO]    📋 REVIEW QUEUE: Draft 4738d856-9341-4a19-b7c4-b64dcc358296
[2026-03-20T12:56:51.423Z] [INFO] Processing from one-mile-at-a-time (policy: aviation_blogs)
[2026-03-20T12:56:51.423Z] [INFO] 📊 Score: 0.8 | Source: one-mile-at-a-time | Policy: aviation_blogs
[2026-03-20T12:56:51.423Z] [INFO]    Decision: review | Reason: Review-only source (aviation_blogs), score 0.8
[2026-03-20T12:56:51.483Z] [INFO]    📋 REVIEW QUEUE: Draft aefe8a06-190a-4c51-9b10-34b173d95c9a
[2026-03-20T12:56:51.513Z] [INFO] Processing from one-mile-at-a-time (policy: aviation_blogs)
[2026-03-20T12:56:51.513Z] [INFO] 📊 Score: 0.85 | Source: one-mile-at-a-time | Policy: aviation_blogs
[2026-03-20T12:56:51.513Z] [INFO]    Decision: review | Reason: Review-only source (aviation_blogs), score 0.85
[2026-03-20T12:56:51.574Z] [INFO]    📋 REVIEW QUEUE: Draft de575b92-820e-4969-af3b-c66b50621943
[2026-03-20T12:56:51.575Z] [INFO] 
✅ Queue processing complete
[2026-03-20T12:56:51.575Z] [INFO] 📊 Summary: 0 published, 7 review, 0 rejected, 0 failed
